c:\users\wusy\documents\visual studio 2013\projects\nginx-1.9.3\nginx-1.9.3\release\vc120.pdb
c:\users\wusy\documents\visual studio 2013\projects\nginx-1.9.3\nginx-1.9.3\release\ngx_output_chain.obj
c:\users\wusy\documents\visual studio 2013\projects\nginx-1.9.3\nginx-1.9.3\release\ngx_open_file_cache.obj
c:\users\wusy\documents\visual studio 2013\projects\nginx-1.9.3\nginx-1.9.3\release\ngx_murmurhash.obj
c:\users\wusy\documents\visual studio 2013\projects\nginx-1.9.3\nginx-1.9.3\release\ngx_md5.obj
c:\users\wusy\documents\visual studio 2013\projects\nginx-1.9.3\nginx-1.9.3\release\ngx_log.obj
c:\users\wusy\documents\visual studio 2013\projects\nginx-1.9.3\nginx-1.9.3\release\ngx_list.obj
c:\users\wusy\documents\visual studio 2013\projects\nginx-1.9.3\nginx-1.9.3\release\ngx_inet.obj
c:\users\wusy\documents\visual studio 2013\projects\nginx-1.9.3\nginx-1.9.3\release\ngx_hash.obj
c:\users\wusy\documents\visual studio 2013\projects\nginx-1.9.3\nginx-1.9.3\release\ngx_file.obj
c:\users\wusy\documents\visual studio 2013\projects\nginx-1.9.3\nginx-1.9.3\release\ngx_cycle.obj
c:\users\wusy\documents\visual studio 2013\projects\nginx-1.9.3\nginx-1.9.3\release\ngx_crypt.obj
c:\users\wusy\documents\visual studio 2013\projects\nginx-1.9.3\nginx-1.9.3\release\ngx_crc32.obj
c:\users\wusy\documents\visual studio 2013\projects\nginx-1.9.3\nginx-1.9.3\release\ngx_cpuinfo.obj
c:\users\wusy\documents\visual studio 2013\projects\nginx-1.9.3\nginx-1.9.3\release\ngx_connection.obj
c:\users\wusy\documents\visual studio 2013\projects\nginx-1.9.3\nginx-1.9.3\release\ngx_conf_file.obj
c:\users\wusy\documents\visual studio 2013\projects\nginx-1.9.3\nginx-1.9.3\release\ngx_buf.obj
c:\users\wusy\documents\visual studio 2013\projects\nginx-1.9.3\nginx-1.9.3\release\ngx_array.obj
c:\users\wusy\documents\visual studio 2013\projects\nginx-1.9.3\nginx-1.9.3\release\nginx.obj
c:\users\wusy\documents\visual studio 2013\projects\nginx-1.9.3\nginx-1.9.3\release\ngx_pch.obj
c:\users\wusy\documents\visual studio 2013\projects\nginx-1.9.3\nginx-1.9.3\release\ngx_modules.obj
c:\users\wusy\documents\visual studio 2013\projects\nginx-1.9.3\nginx-1.9.3\release\ngx_event_acceptex.obj
c:\users\wusy\documents\visual studio 2013\projects\nginx-1.9.3\nginx-1.9.3\release\ngx_event_accept.obj
c:\users\wusy\documents\visual studio 2013\projects\nginx-1.9.3\nginx-1.9.3\release\ngx_event.obj
c:\users\wusy\documents\visual studio 2013\projects\nginx-1.9.3\nginx-1.9.3\release\ngx_win32_select_module.obj
c:\users\wusy\documents\visual studio 2013\projects\nginx-1.9.3\nginx-1.9.3\release\ngx_iocp_module.obj
c:\users\wusy\documents\visual studio 2013\projects\nginx-1.9.3\nginx-1.9.3\release\ngx_times.obj
c:\users\wusy\documents\visual studio 2013\projects\nginx-1.9.3\nginx-1.9.3\release\ngx_syslog.obj
c:\users\wusy\documents\visual studio 2013\projects\nginx-1.9.3\nginx-1.9.3\release\ngx_string.obj
c:\users\wusy\documents\visual studio 2013\projects\nginx-1.9.3\nginx-1.9.3\release\ngx_spinlock.obj
c:\users\wusy\documents\visual studio 2013\projects\nginx-1.9.3\nginx-1.9.3\release\ngx_slab.obj
c:\users\wusy\documents\visual studio 2013\projects\nginx-1.9.3\nginx-1.9.3\release\ngx_shmtx.obj
c:\users\wusy\documents\visual studio 2013\projects\nginx-1.9.3\nginx-1.9.3\release\ngx_rwlock.obj
c:\users\wusy\documents\visual studio 2013\projects\nginx-1.9.3\nginx-1.9.3\release\ngx_resolver.obj
c:\users\wusy\documents\visual studio 2013\projects\nginx-1.9.3\nginx-1.9.3\release\ngx_rbtree.obj
c:\users\wusy\documents\visual studio 2013\projects\nginx-1.9.3\nginx-1.9.3\release\ngx_radix_tree.obj
c:\users\wusy\documents\visual studio 2013\projects\nginx-1.9.3\nginx-1.9.3\release\ngx_queue.obj
c:\users\wusy\documents\visual studio 2013\projects\nginx-1.9.3\nginx-1.9.3\release\ngx_proxy_protocol.obj
c:\users\wusy\documents\visual studio 2013\projects\nginx-1.9.3\nginx-1.9.3\release\ngx_parse_time.obj
c:\users\wusy\documents\visual studio 2013\projects\nginx-1.9.3\nginx-1.9.3\release\ngx_parse.obj
c:\users\wusy\documents\visual studio 2013\projects\nginx-1.9.3\nginx-1.9.3\release\ngx_palloc.obj
c:\users\wusy\documents\visual studio 2013\projects\nginx-1.9.3\nginx-1.9.3\release\ngx_http_limit_req_module.obj
c:\users\wusy\documents\visual studio 2013\projects\nginx-1.9.3\nginx-1.9.3\release\ngx_http_limit_conn_module.obj
c:\users\wusy\documents\visual studio 2013\projects\nginx-1.9.3\nginx-1.9.3\release\ngx_http_index_module.obj
c:\users\wusy\documents\visual studio 2013\projects\nginx-1.9.3\nginx-1.9.3\release\ngx_http_headers_filter_module.obj
c:\users\wusy\documents\visual studio 2013\projects\nginx-1.9.3\nginx-1.9.3\release\ngx_http_geo_module.obj
c:\users\wusy\documents\visual studio 2013\projects\nginx-1.9.3\nginx-1.9.3\release\ngx_http_flv_module.obj
c:\users\wusy\documents\visual studio 2013\projects\nginx-1.9.3\nginx-1.9.3\release\ngx_http_fastcgi_module.obj
c:\users\wusy\documents\visual studio 2013\projects\nginx-1.9.3\nginx-1.9.3\release\ngx_http_empty_gif_module.obj
c:\users\wusy\documents\visual studio 2013\projects\nginx-1.9.3\nginx-1.9.3\release\ngx_http_chunked_filter_module.obj
c:\users\wusy\documents\visual studio 2013\projects\nginx-1.9.3\nginx-1.9.3\release\ngx_http_charset_filter_module.obj
c:\users\wusy\documents\visual studio 2013\projects\nginx-1.9.3\nginx-1.9.3\release\ngx_http_browser_module.obj
c:\users\wusy\documents\visual studio 2013\projects\nginx-1.9.3\nginx-1.9.3\release\ngx_http_autoindex_module.obj
c:\users\wusy\documents\visual studio 2013\projects\nginx-1.9.3\nginx-1.9.3\release\ngx_http_auth_request_module.obj
c:\users\wusy\documents\visual studio 2013\projects\nginx-1.9.3\nginx-1.9.3\release\ngx_http_auth_basic_module.obj
c:\users\wusy\documents\visual studio 2013\projects\nginx-1.9.3\nginx-1.9.3\release\ngx_http_addition_filter_module.obj
c:\users\wusy\documents\visual studio 2013\projects\nginx-1.9.3\nginx-1.9.3\release\ngx_http_access_module.obj
c:\users\wusy\documents\visual studio 2013\projects\nginx-1.9.3\nginx-1.9.3\release\ngx_event_timer.obj
c:\users\wusy\documents\visual studio 2013\projects\nginx-1.9.3\nginx-1.9.3\release\ngx_event_posted.obj
c:\users\wusy\documents\visual studio 2013\projects\nginx-1.9.3\nginx-1.9.3\release\ngx_event_pipe.obj
c:\users\wusy\documents\visual studio 2013\projects\nginx-1.9.3\nginx-1.9.3\release\ngx_event_connect.obj
c:\users\wusy\documents\visual studio 2013\projects\nginx-1.9.3\nginx-1.9.3\release\ngx_http_upstream_zone_module.obj
c:\users\wusy\documents\visual studio 2013\projects\nginx-1.9.3\nginx-1.9.3\release\ngx_http_upstream_least_conn_module.obj
c:\users\wusy\documents\visual studio 2013\projects\nginx-1.9.3\nginx-1.9.3\release\ngx_http_upstream_keepalive_module.obj
c:\users\wusy\documents\visual studio 2013\projects\nginx-1.9.3\nginx-1.9.3\release\ngx_http_upstream_ip_hash_module.obj
c:\users\wusy\documents\visual studio 2013\projects\nginx-1.9.3\nginx-1.9.3\release\ngx_http_upstream_hash_module.obj
c:\users\wusy\documents\visual studio 2013\projects\nginx-1.9.3\nginx-1.9.3\release\ngx_http_sub_filter_module.obj
c:\users\wusy\documents\visual studio 2013\projects\nginx-1.9.3\nginx-1.9.3\release\ngx_http_static_module.obj
c:\users\wusy\documents\visual studio 2013\projects\nginx-1.9.3\nginx-1.9.3\release\ngx_http_ssi_filter_module.obj
c:\users\wusy\documents\visual studio 2013\projects\nginx-1.9.3\nginx-1.9.3\release\ngx_http_split_clients_module.obj
c:\users\wusy\documents\visual studio 2013\projects\nginx-1.9.3\nginx-1.9.3\release\ngx_http_secure_link_module.obj
c:\users\wusy\documents\visual studio 2013\projects\nginx-1.9.3\nginx-1.9.3\release\ngx_http_scgi_module.obj
c:\users\wusy\documents\visual studio 2013\projects\nginx-1.9.3\nginx-1.9.3\release\ngx_http_referer_module.obj
c:\users\wusy\documents\visual studio 2013\projects\nginx-1.9.3\nginx-1.9.3\release\ngx_http_range_filter_module.obj
c:\users\wusy\documents\visual studio 2013\projects\nginx-1.9.3\nginx-1.9.3\release\ngx_http_random_index_module.obj
c:\users\wusy\documents\visual studio 2013\projects\nginx-1.9.3\nginx-1.9.3\release\ngx_http_proxy_module.obj
c:\users\wusy\documents\visual studio 2013\projects\nginx-1.9.3\nginx-1.9.3\release\ngx_http_not_modified_filter_module.obj
c:\users\wusy\documents\visual studio 2013\projects\nginx-1.9.3\nginx-1.9.3\release\ngx_http_mp4_module.obj
c:\users\wusy\documents\visual studio 2013\projects\nginx-1.9.3\nginx-1.9.3\release\ngx_http_memcached_module.obj
c:\users\wusy\documents\visual studio 2013\projects\nginx-1.9.3\nginx-1.9.3\release\ngx_http_map_module.obj
c:\users\wusy\documents\visual studio 2013\projects\nginx-1.9.3\nginx-1.9.3\release\ngx_http_log_module.obj
c:\users\wusy\documents\visual studio 2013\projects\nginx-1.9.3\nginx-1.9.3\release\ngx_event_log.obj
c:\users\wusy\documents\visual studio 2013\projects\nginx-1.9.3\nginx-1.9.3\release\ngx_errno.obj
c:\users\wusy\documents\visual studio 2013\projects\nginx-1.9.3\nginx-1.9.3\release\ngx_alloc.obj
c:\users\wusy\documents\visual studio 2013\projects\nginx-1.9.3\nginx-1.9.3\release\ngx_http_write_filter_module.obj
c:\users\wusy\documents\visual studio 2013\projects\nginx-1.9.3\nginx-1.9.3\release\ngx_http_variables.obj
c:\users\wusy\documents\visual studio 2013\projects\nginx-1.9.3\nginx-1.9.3\release\ngx_http_upstream_round_robin.obj
c:\users\wusy\documents\visual studio 2013\projects\nginx-1.9.3\nginx-1.9.3\release\ngx_http_upstream.obj
c:\users\wusy\documents\visual studio 2013\projects\nginx-1.9.3\nginx-1.9.3\release\ngx_http_special_response.obj
c:\users\wusy\documents\visual studio 2013\projects\nginx-1.9.3\nginx-1.9.3\release\ngx_http_script.obj
c:\users\wusy\documents\visual studio 2013\projects\nginx-1.9.3\nginx-1.9.3\release\ngx_http_request_body.obj
c:\users\wusy\documents\visual studio 2013\projects\nginx-1.9.3\nginx-1.9.3\release\ngx_http_request.obj
c:\users\wusy\documents\visual studio 2013\projects\nginx-1.9.3\nginx-1.9.3\release\ngx_http_postpone_filter_module.obj
c:\users\wusy\documents\visual studio 2013\projects\nginx-1.9.3\nginx-1.9.3\release\ngx_http_parse.obj
c:\users\wusy\documents\visual studio 2013\projects\nginx-1.9.3\nginx-1.9.3\release\ngx_http_header_filter_module.obj
c:\users\wusy\documents\visual studio 2013\projects\nginx-1.9.3\nginx-1.9.3\release\ngx_http_file_cache.obj
c:\users\wusy\documents\visual studio 2013\projects\nginx-1.9.3\nginx-1.9.3\release\ngx_http_core_module.obj
c:\users\wusy\documents\visual studio 2013\projects\nginx-1.9.3\nginx-1.9.3\release\ngx_http_copy_filter_module.obj
c:\users\wusy\documents\visual studio 2013\projects\nginx-1.9.3\nginx-1.9.3\release\ngx_http.obj
c:\users\wusy\documents\visual studio 2013\projects\nginx-1.9.3\nginx-1.9.3\release\ngx_http_uwsgi_module.obj
c:\users\wusy\documents\visual studio 2013\projects\nginx-1.9.3\nginx-1.9.3\release\ngx_http_userid_filter_module.obj
c:\users\wusy\documents\visual studio 2013\projects\nginx-1.9.3\nginx-1.9.3\release\ngx_wsasend_chain.obj
c:\users\wusy\documents\visual studio 2013\projects\nginx-1.9.3\nginx-1.9.3\release\ngx_wsasend.obj
c:\users\wusy\documents\visual studio 2013\projects\nginx-1.9.3\nginx-1.9.3\release\ngx_wsarecv_chain.obj
c:\users\wusy\documents\visual studio 2013\projects\nginx-1.9.3\nginx-1.9.3\release\ngx_wsarecv.obj
c:\users\wusy\documents\visual studio 2013\projects\nginx-1.9.3\nginx-1.9.3\release\ngx_win32_init.obj
c:\users\wusy\documents\visual studio 2013\projects\nginx-1.9.3\nginx-1.9.3\release\ngx_user.obj
c:\users\wusy\documents\visual studio 2013\projects\nginx-1.9.3\nginx-1.9.3\release\ngx_udp_wsarecv.obj
c:\users\wusy\documents\visual studio 2013\projects\nginx-1.9.3\nginx-1.9.3\release\ngx_time.obj
c:\users\wusy\documents\visual studio 2013\projects\nginx-1.9.3\nginx-1.9.3\release\ngx_thread.obj
c:\users\wusy\documents\visual studio 2013\projects\nginx-1.9.3\nginx-1.9.3\release\ngx_socket.obj
c:\users\wusy\documents\visual studio 2013\projects\nginx-1.9.3\nginx-1.9.3\release\ngx_shmem.obj
c:\users\wusy\documents\visual studio 2013\projects\nginx-1.9.3\nginx-1.9.3\release\ngx_process_cycle.obj
c:\users\wusy\documents\visual studio 2013\projects\nginx-1.9.3\nginx-1.9.3\release\ngx_process.obj
c:\users\wusy\documents\visual studio 2013\projects\nginx-1.9.3\nginx-1.9.3\release\ngx_files.obj
c:\users\wusy\documents\visual studio 2013\projects\nginx-1.9.3\release\nginx-1.9.3.exe
c:\users\wusy\documents\visual studio 2013\projects\nginx-1.9.3\release\nginx-1.9.3.pdb
c:\users\wusy\documents\visual studio 2013\projects\nginx-1.9.3\nginx-1.9.3\release\nginx-1.9.3.tlog\cl.command.1.tlog
c:\users\wusy\documents\visual studio 2013\projects\nginx-1.9.3\nginx-1.9.3\release\nginx-1.9.3.tlog\cl.read.1.tlog
c:\users\wusy\documents\visual studio 2013\projects\nginx-1.9.3\nginx-1.9.3\release\nginx-1.9.3.tlog\cl.write.1.tlog
c:\users\wusy\documents\visual studio 2013\projects\nginx-1.9.3\nginx-1.9.3\release\nginx-1.9.3.tlog\link.command.1.tlog
c:\users\wusy\documents\visual studio 2013\projects\nginx-1.9.3\nginx-1.9.3\release\nginx-1.9.3.tlog\link.read.1.tlog
c:\users\wusy\documents\visual studio 2013\projects\nginx-1.9.3\nginx-1.9.3\release\nginx-1.9.3.tlog\link.write.1.tlog
